Using pre-set license
Built from '2020.3/staging' branch; Version is '2020.3.23f1 (c5d91304a876) revision 12966163'; Using compiler version '192528614'; Build Type 'Release'
OS: 'Windows 10 Home Single Language; OS build 19044.1348; Version 2009; 64bit' Language: 'en' Physical Memory: 16226 MB
BatchMode: 1, IsHumanControllingUs: 0, StartBugReporterOnCrash: 0, Is64bit: 1, IsPro: 0

COMMAND LINE ARGUMENTS:
C:\Program Files\Unity\Hub\Editor\2020.3.23f1\Editor\Unity.exe
-adb2
-batchMode
-noUpm
-name
AssetImportWorker0
-projectPath
D:/All work in major 3 term 2/Cs 222/C1 lab 1/Lab2
-logFile
Logs/AssetImportWorker0.log
-srvPort
57545
Successfully changed project path to: D:/All work in major 3 term 2/Cs 222/C1 lab 1/Lab2
D:/All work in major 3 term 2/Cs 222/C1 lab 1/Lab2
Using Asset Import Pipeline V2.
Refreshing native plugins compatible for Editor in 52.04 ms, found 2 plugins.
Preloading 0 native plugins for Editor in 0.00 ms.
Initialize engine version: 2020.3.23f1 (c5d91304a876)
[Subsystems] Discovering subsystems at path C:/Program Files/Unity/Hub/Editor/2020.3.23f1/Editor/Data/Resources/UnitySubsystems
[Subsystems] Discovering subsystems at path D:/All work in major 3 term 2/Cs 222/C1 lab 1/Lab2/Assets
GfxDevice: creating device client; threaded=0
Direct3D:
    Version:  Direct3D 11.0 [level 11.1]
    Renderer: NVIDIA GeForce GTX 1060 (ID=0x1c20)
    Vendor:   
    VRAM:     6052 MB
    Driver:   30.0.14.9709
Initialize mono
Mono path[0] = 'C:/Program Files/Unity/Hub/Editor/2020.3.23f1/Editor/Data/Managed'
Mono path[1] = 'C:/Program Files/Unity/Hub/Editor/2020.3.23f1/Editor/Data/MonoBleedingEdge/lib/mono/unityjit'
Mono config path = 'C:/Program Files/Unity/Hub/Editor/2020.3.23f1/Editor/Data/MonoBleedingEdge/etc'
Using monoOptions --debugger-agent=transport=dt_socket,embedding=1,server=y,suspend=n,address=127.0.0.1:56608
Begin MonoManager ReloadAssembly
Registering precompiled unity dll's ...
Register platform support module: C:/Program Files/Unity/Hub/Editor/2020.3.23f1/Editor/Data/PlaybackEngines/WebGLSupport/UnityEditor.WebGL.Extensions.dll
Register platform support module: C:/Program Files/Unity/Hub/Editor/2020.3.23f1/Editor/Data/PlaybackEngines/WindowsStandaloneSupport/UnityEditor.WindowsStandalone.Extensions.dll
Registered in 0.002307 seconds.
Native extension for WindowsStandalone target not found
Native extension for WebGL target not found
Refreshing native plugins compatible for Editor in 52.82 ms, found 2 plugins.
Preloading 0 native plugins for Editor in 0.00 ms.
Mono: successfully reloaded assembly
- Completed reload, in  0.574 seconds
Domain Reload Profiling:
	ReloadAssembly (574ms)
		BeginReloadAssembly (50ms)
			ExecutionOrderSort (0ms)
			DisableScriptedObjects (0ms)
			BackupInstance (0ms)
			ReleaseScriptingObjects (0ms)
			CreateAndSetChildDomain (1ms)
		EndReloadAssembly (454ms)
			LoadAssemblies (48ms)
			RebuildTransferFunctionScriptingTraits (0ms)
			SetupTypeCache (153ms)
			ReleaseScriptCaches (0ms)
			RebuildScriptCaches (29ms)
			SetupLoadedEditorAssemblies (172ms)
				LogAssemblyErrors (0ms)
				InitializePlatformSupportModulesInManaged (5ms)
				SetLoadedEditorAssemblies (0ms)
				RefreshPlugins (53ms)
				BeforeProcessingInitializeOnLoad (13ms)
				ProcessInitializeOnLoadAttributes (76ms)
				ProcessInitializeOnLoadMethodAttributes (25ms)
				AfterProcessingInitializeOnLoad (0ms)
				EditorAssembliesLoaded (0ms)
			ExecutionOrderSort2 (0ms)
			AwakeInstancesAfterBackupRestoration (0ms)
Platform modules already initialized, skipping
Registering precompiled user dll's ...
Registered in 0.003495 seconds.
Begin MonoManager ReloadAssembly
Native extension for WindowsStandalone target not found
Native extension for WebGL target not found
Refreshing native plugins compatible for Editor in 112.06 ms, found 2 plugins.
Preloading 0 native plugins for Editor in 0.00 ms.
Mono: successfully reloaded assembly
- Completed reload, in  1.235 seconds
Domain Reload Profiling:
	ReloadAssembly (1236ms)
		BeginReloadAssembly (134ms)
			ExecutionOrderSort (0ms)
			DisableScriptedObjects (4ms)
			BackupInstance (0ms)
			ReleaseScriptingObjects (0ms)
			CreateAndSetChildDomain (17ms)
		EndReloadAssembly (1045ms)
			LoadAssemblies (86ms)
			RebuildTransferFunctionScriptingTraits (0ms)
			SetupTypeCache (329ms)
			ReleaseScriptCaches (1ms)
			RebuildScriptCaches (57ms)
			SetupLoadedEditorAssemblies (420ms)
				LogAssemblyErrors (0ms)
				InitializePlatformSupportModulesInManaged (6ms)
				SetLoadedEditorAssemblies (1ms)
				RefreshPlugins (112ms)
				BeforeProcessingInitializeOnLoad (110ms)
				ProcessInitializeOnLoadAttributes (177ms)
				ProcessInitializeOnLoadMethodAttributes (8ms)
				AfterProcessingInitializeOnLoad (6ms)
				EditorAssembliesLoaded (0ms)
			ExecutionOrderSort2 (0ms)
			AwakeInstancesAfterBackupRestoration (6ms)
Platform modules already initialized, skipping
========================================================================
Worker process is ready to serve import requests
Launched and connected shader compiler UnityShaderCompiler.exe after 0.06 seconds
Refreshing native plugins compatible for Editor in 0.72 ms, found 2 plugins.
Preloading 0 native plugins for Editor in 0.00 ms.
Unloading 2947 Unused Serialized files (Serialized files now loaded: 0)
System memory in use before: 137.8 MB.
System memory in use after: 138.0 MB.

Unloading 20 unused Assets to reduce memory usage. Loaded Objects now: 3392.
Total: 3.861700 ms (FindLiveObjects: 0.328400 ms CreateObjectMapping: 0.161600 ms MarkObjects: 3.258500 ms  DeleteObjects: 0.112100 ms)

AssetImportParameters requested are different than current active one (requested -> active):
  custom:framework-win-MediaFoundation: 216162199b28c13a410421893ffa2e32 -> 
  custom:video-decoder-ogg-theora: a1e56fd34408186e4bbccfd4996cb3dc -> 
  custom:container-muxer-webm: aa71ff27fc2769a1b78a27578f13a17b -> 
  custom:container-demuxer-webm: 4f35f7cbe854078d1ac9338744f61a02 -> 
  custom:container-demuxer-ogg: 62fdf1f143b41e24485cea50d1cbac27 -> 
  custom:video-encoder-webm-vp8: eb34c28f22e8b96e1ab97ce403110664 -> 
  custom:video-decoder-webm-vp8: 9c59270c3fd7afecdb556c50c9e8de78 -> 
  custom:audio-decoder-ogg-vorbis: bf7c407c2cedff20999df2af8eb42d56 -> 
  custom:audio-encoder-webm-vorbis: bf7c407c2cedff20999df2af8eb42d56 -> 
========================================================================
Received Import Request.
  path: Assets/mySlader/Form
  artifactKey: Guid(6acc2c143f4d2644fa712e0c66194b47) Importer(815301076,1909f56bfc062723c751e8b465ee728b)
Start importing Assets/mySlader/Form using Guid(6acc2c143f4d2644fa712e0c66194b47) Importer(815301076,1909f56bfc062723c751e8b465ee728b)  -> (artifact id: '9c516ad037694dad120d8be1558a9848') in 0.011724 seconds 
  Import took 0.016331 seconds .

========================================================================
Received Import Request.
  Time since last request: 124.918061 seconds.
  path: Assets/mySlader/Form/Form.shadergraph
  artifactKey: Guid(0584dd12279f5874d83c6ee1713310ae) Importer(815301076,1909f56bfc062723c751e8b465ee728b)
Start importing Assets/mySlader/Form/Form.shadergraph using Guid(0584dd12279f5874d83c6ee1713310ae) Importer(815301076,1909f56bfc062723c751e8b465ee728b)  -> (artifact id: '2408c04cf808175b504352c6b676b3e8') in 0.033027 seconds 
  Import took 0.038021 seconds .

========================================================================
Received Import Request.
  Time since last request: 105.549570 seconds.
  path: Assets/mySlader/Form/Form.shadergraph
  artifactKey: Guid(0584dd12279f5874d83c6ee1713310ae) Importer(815301076,1909f56bfc062723c751e8b465ee728b)
Start importing Assets/mySlader/Form/Form.shadergraph using Guid(0584dd12279f5874d83c6ee1713310ae) Importer(815301076,1909f56bfc062723c751e8b465ee728b)  -> (artifact id: '776740ff6f1314fb354371755f07b126') in 0.002747 seconds 
  Import took 0.007553 seconds .

========================================================================
Received Import Request.
  Time since last request: 840.984749 seconds.
  path: Assets/mySlader/Form/Form.shadergraph
  artifactKey: Guid(0584dd12279f5874d83c6ee1713310ae) Importer(815301076,1909f56bfc062723c751e8b465ee728b)
Start importing Assets/mySlader/Form/Form.shadergraph using Guid(0584dd12279f5874d83c6ee1713310ae) Importer(815301076,1909f56bfc062723c751e8b465ee728b)  -> (artifact id: '2d5895774d6d67ce51df234711bedefc') in 0.002979 seconds 
  Import took 0.009391 seconds .

========================================================================
Received Import Request.
  Time since last request: 159.889475 seconds.
  path: Assets/mySlader/Form/Form.shadergraph
  artifactKey: Guid(0584dd12279f5874d83c6ee1713310ae) Importer(815301076,1909f56bfc062723c751e8b465ee728b)
Start importing Assets/mySlader/Form/Form.shadergraph using Guid(0584dd12279f5874d83c6ee1713310ae) Importer(815301076,1909f56bfc062723c751e8b465ee728b)  -> (artifact id: '264b2bc2aa59ac6c65be84bbedc173ec') in 0.004143 seconds 
  Import took 0.010531 seconds .

========================================================================
Received Import Request.
  Time since last request: 399.844117 seconds.
  path: Assets/mySlader/Form/Form.shadergraph
  artifactKey: Guid(0584dd12279f5874d83c6ee1713310ae) Importer(815301076,1909f56bfc062723c751e8b465ee728b)
Start importing Assets/mySlader/Form/Form.shadergraph using Guid(0584dd12279f5874d83c6ee1713310ae) Importer(815301076,1909f56bfc062723c751e8b465ee728b)  -> (artifact id: '8637c2946895f2c620417955c6be87eb') in 0.011940 seconds 
  Import took 0.035624 seconds .

========================================================================
Received Import Request.
  Time since last request: 124.432531 seconds.
  path: Assets/mySlader/Form/Form.shadergraph
  artifactKey: Guid(0584dd12279f5874d83c6ee1713310ae) Importer(815301076,1909f56bfc062723c751e8b465ee728b)
Start importing Assets/mySlader/Form/Form.shadergraph using Guid(0584dd12279f5874d83c6ee1713310ae) Importer(815301076,1909f56bfc062723c751e8b465ee728b)  -> (artifact id: '747b28e6630d11d505632457a54e5f5f') in 0.004177 seconds 
  Import took 0.009542 seconds .

========================================================================
Received Import Request.
  Time since last request: 8.617871 seconds.
  path: Assets/mySlader/Form/form.mat
  artifactKey: Guid(8f5982b8817dc754f9baf5f2c710ae80) Importer(815301076,1909f56bfc062723c751e8b465ee728b)
Start importing Assets/mySlader/Form/form.mat using Guid(8f5982b8817dc754f9baf5f2c710ae80) Importer(815301076,1909f56bfc062723c751e8b465ee728b)  -> (artifact id: '41e1833597ba4cbb0a03a2f258d0721f') in 0.200887 seconds 
  Import took 0.205535 seconds .

========================================================================
Received Import Request.
  Time since last request: 573.816703 seconds.
  path: Assets/mySlader/Form/Form.shadersubgraph
  artifactKey: Guid(6afcda5241db29b42aed90318bebb76d) Importer(815301076,1909f56bfc062723c751e8b465ee728b)
Start importing Assets/mySlader/Form/Form.shadersubgraph using Guid(6afcda5241db29b42aed90318bebb76d) Importer(815301076,1909f56bfc062723c751e8b465ee728b)  -> (artifact id: '69c0b8db395f8b3d4f1c7ea9087623c8') in 0.013246 seconds 
  Import took 0.026447 seconds .

========================================================================
Received Import Request.
  Time since last request: 652.382459 seconds.
  path: Assets/mySlader/Form/Form.shadergraph
  artifactKey: Guid(0584dd12279f5874d83c6ee1713310ae) Importer(815301076,1909f56bfc062723c751e8b465ee728b)
Start importing Assets/mySlader/Form/Form.shadergraph using Guid(0584dd12279f5874d83c6ee1713310ae) Importer(815301076,1909f56bfc062723c751e8b465ee728b)  -> (artifact id: '98abeb19663eae419429ef51d989ea72') in 0.005012 seconds 
  Import took 0.011281 seconds .

========================================================================
Received Import Request.
  Time since last request: 32.650123 seconds.
  path: Assets/mySlader/Form/Form.shadersubgraph
  artifactKey: Guid(6afcda5241db29b42aed90318bebb76d) Importer(815301076,1909f56bfc062723c751e8b465ee728b)
Start importing Assets/mySlader/Form/Form.shadersubgraph using Guid(6afcda5241db29b42aed90318bebb76d) Importer(815301076,1909f56bfc062723c751e8b465ee728b)  -> (artifact id: 'fb8f2659781c5e054843c37918fd93f4') in 0.005388 seconds 
  Import took 0.011028 seconds .

========================================================================
Received Prepare
Registering precompiled user dll's ...
Registered in 0.003603 seconds.
Begin MonoManager ReloadAssembly
Native extension for WindowsStandalone target not found
Native extension for WebGL target not found
Refreshing native plugins compatible for Editor in 0.52 ms, found 2 plugins.
Preloading 0 native plugins for Editor in 0.00 ms.
Mono: successfully reloaded assembly
- Completed reload, in  1.049 seconds
Domain Reload Profiling:
	ReloadAssembly (1050ms)
		BeginReloadAssembly (130ms)
			ExecutionOrderSort (0ms)
			DisableScriptedObjects (6ms)
			BackupInstance (0ms)
			ReleaseScriptingObjects (0ms)
			CreateAndSetChildDomain (50ms)
		EndReloadAssembly (861ms)
			LoadAssemblies (92ms)
			RebuildTransferFunctionScriptingTraits (0ms)
			SetupTypeCache (326ms)
			ReleaseScriptCaches (1ms)
			RebuildScriptCaches (37ms)
			SetupLoadedEditorAssemblies (272ms)
				LogAssemblyErrors (0ms)
				InitializePlatformSupportModulesInManaged (4ms)
				SetLoadedEditorAssemblies (0ms)
				RefreshPlugins (1ms)
				BeforeProcessingInitializeOnLoad (90ms)
				ProcessInitializeOnLoadAttributes (160ms)
				ProcessInitializeOnLoadMethodAttributes (11ms)
				AfterProcessingInitializeOnLoad (6ms)
				EditorAssembliesLoaded (0ms)
			ExecutionOrderSort2 (0ms)
			AwakeInstancesAfterBackupRestoration (14ms)
Platform modules already initialized, skipping
Refreshing native plugins compatible for Editor in 1.22 ms, found 2 plugins.
Preloading 0 native plugins for Editor in 0.00 ms.
Unloading 2833 Unused Serialized files (Serialized files now loaded: 0)
System memory in use before: 135.6 MB.
System memory in use after: 135.8 MB.

Unloading 15 unused Assets to reduce memory usage. Loaded Objects now: 3473.
Total: 3.427200 ms (FindLiveObjects: 0.350200 ms CreateObjectMapping: 0.159200 ms MarkObjects: 2.898100 ms  DeleteObjects: 0.018600 ms)

AssetImportParameters requested are different than current active one (requested -> active):
  custom:framework-win-MediaFoundation: 216162199b28c13a410421893ffa2e32 -> 
  custom:video-decoder-ogg-theora: a1e56fd34408186e4bbccfd4996cb3dc -> 
  custom:container-muxer-webm: aa71ff27fc2769a1b78a27578f13a17b -> 
  custom:container-demuxer-webm: 4f35f7cbe854078d1ac9338744f61a02 -> 
  custom:container-demuxer-ogg: 62fdf1f143b41e24485cea50d1cbac27 -> 
  custom:video-encoder-webm-vp8: eb34c28f22e8b96e1ab97ce403110664 -> 
  custom:video-decoder-webm-vp8: 9c59270c3fd7afecdb556c50c9e8de78 -> 
  custom:audio-decoder-ogg-vorbis: bf7c407c2cedff20999df2af8eb42d56 -> 
  custom:audio-encoder-webm-vorbis: bf7c407c2cedff20999df2af8eb42d56 -> 
========================================================================
Received Import Request.
  Time since last request: 79.994099 seconds.
  path: Assets/mySlader/Form/Form.shadersubgraph
  artifactKey: Guid(6afcda5241db29b42aed90318bebb76d) Importer(815301076,1909f56bfc062723c751e8b465ee728b)
Start importing Assets/mySlader/Form/Form.shadersubgraph using Guid(6afcda5241db29b42aed90318bebb76d) Importer(815301076,1909f56bfc062723c751e8b465ee728b)  -> (artifact id: '50a7bbb8372b9d3e1f972625b01cbb7b') in 0.038705 seconds 
  Import took 0.043830 seconds .

========================================================================
Received Import Request.
  Time since last request: 109.436401 seconds.
  path: Assets/mySlader/Form/Form.shadergraph
  artifactKey: Guid(0584dd12279f5874d83c6ee1713310ae) Importer(815301076,1909f56bfc062723c751e8b465ee728b)
Start importing Assets/mySlader/Form/Form.shadergraph using Guid(0584dd12279f5874d83c6ee1713310ae) Importer(815301076,1909f56bfc062723c751e8b465ee728b)  -> (artifact id: 'def262ec768c0b42766ef231d9a651fa') in 0.005006 seconds 
  Import took 0.009840 seconds .

========================================================================
Received Import Request.
  Time since last request: 26.583402 seconds.
  path: Assets/mySlader/Form/NewForm.shadersubgraph
  artifactKey: Guid(901e1e69f0c6b02499418b3e97388ffb) Importer(815301076,1909f56bfc062723c751e8b465ee728b)
Start importing Assets/mySlader/Form/NewForm.shadersubgraph using Guid(901e1e69f0c6b02499418b3e97388ffb) Importer(815301076,1909f56bfc062723c751e8b465ee728b)  -> (artifact id: '57eef281e1e7d84922a6b68f2aa7d6cc') in 0.009798 seconds 
  Import took 0.018305 seconds .

========================================================================
Received Import Request.
  Time since last request: 15.155237 seconds.
  path: Assets/mySlader/Form/Form.shadersubgraph
  artifactKey: Guid(6afcda5241db29b42aed90318bebb76d) Importer(815301076,1909f56bfc062723c751e8b465ee728b)
Start importing Assets/mySlader/Form/Form.shadersubgraph using Guid(6afcda5241db29b42aed90318bebb76d) Importer(815301076,1909f56bfc062723c751e8b465ee728b)  -> (artifact id: '855f15e05739897eb60287bfefbb8464') in 0.002490 seconds 
  Import took 0.007150 seconds .

========================================================================
Received Import Request.
  Time since last request: 37.814514 seconds.
  path: Assets/mySlader/Form/Form.shadersubgraph
  artifactKey: Guid(6afcda5241db29b42aed90318bebb76d) Importer(815301076,1909f56bfc062723c751e8b465ee728b)
Start importing Assets/mySlader/Form/Form.shadersubgraph using Guid(6afcda5241db29b42aed90318bebb76d) Importer(815301076,1909f56bfc062723c751e8b465ee728b)  -> (artifact id: 'bba3763d9743a7e66855b4a77f08c59e') in 0.002707 seconds 
  Import took 0.008729 seconds .

========================================================================
Received Import Request.
  Time since last request: 0.000171 seconds.
  path: Assets/mySlader/Form/NewForm.shadersubgraph
  artifactKey: Guid(901e1e69f0c6b02499418b3e97388ffb) Importer(815301076,1909f56bfc062723c751e8b465ee728b)
Start importing Assets/mySlader/Form/NewForm.shadersubgraph using Guid(901e1e69f0c6b02499418b3e97388ffb) Importer(815301076,1909f56bfc062723c751e8b465ee728b)  -> (artifact id: '216e106197ee4fea879ac9d0c3be4834') in 0.002443 seconds 
  Import took 0.007061 seconds .

========================================================================
Received Import Request.
  Time since last request: 101.003363 seconds.
  path: Assets/mySlader/Form/Form.shadergraph
  artifactKey: Guid(0584dd12279f5874d83c6ee1713310ae) Importer(815301076,1909f56bfc062723c751e8b465ee728b)
Start importing Assets/mySlader/Form/Form.shadergraph using Guid(0584dd12279f5874d83c6ee1713310ae) Importer(815301076,1909f56bfc062723c751e8b465ee728b)  -> (artifact id: 'b70e9f71b7838ee249700902bfe943c6') in 0.004296 seconds 
  Import took 0.011737 seconds .

========================================================================
Received Import Request.
  Time since last request: 219.282717 seconds.
  path: Assets/mySlader/Form/Formeiei.shadersubgraph
  artifactKey: Guid(b0079ce0d8d2a204cbf4813417926806) Importer(815301076,1909f56bfc062723c751e8b465ee728b)
Start importing Assets/mySlader/Form/Formeiei.shadersubgraph using Guid(b0079ce0d8d2a204cbf4813417926806) Importer(815301076,1909f56bfc062723c751e8b465ee728b)  -> (artifact id: '6196bece9bfaf1fe156d94dedb2bc669') in 0.014919 seconds 
  Import took 0.026730 seconds .

========================================================================
Received Import Request.
  Time since last request: 4.645307 seconds.
  path: Assets/mySlader/Form/Form.shadergraph
  artifactKey: Guid(0584dd12279f5874d83c6ee1713310ae) Importer(815301076,1909f56bfc062723c751e8b465ee728b)
Start importing Assets/mySlader/Form/Form.shadergraph using Guid(0584dd12279f5874d83c6ee1713310ae) Importer(815301076,1909f56bfc062723c751e8b465ee728b)  -> (artifact id: '23c887369bf4fe741dfc42a707cebc67') in 0.002809 seconds 
  Import took 0.008685 seconds .

AssetImportWorkerClient::OnTransportError - code=2 error=End of file
