Using pre-set license
Built from '2020.3/staging' branch; Version is '2020.3.23f1 (c5d91304a876) revision 12966163'; Using compiler version '192528614'; Build Type 'Release'
OS: 'Windows 10 Home Single Language; OS build 19044.1348; Version 2009; 64bit' Language: 'en' Physical Memory: 16226 MB
BatchMode: 1, IsHumanControllingUs: 0, StartBugReporterOnCrash: 0, Is64bit: 1, IsPro: 0

COMMAND LINE ARGUMENTS:
C:\Program Files\Unity\Hub\Editor\2020.3.23f1\Editor\Unity.exe
-adb2
-batchMode
-noUpm
-name
AssetImportWorker0
-projectPath
D:/All work in major 3 term 2/Cs 222/C1 lab 1/Lab2
-logFile
Logs/AssetImportWorker0.log
-srvPort
54273
Successfully changed project path to: D:/All work in major 3 term 2/Cs 222/C1 lab 1/Lab2
D:/All work in major 3 term 2/Cs 222/C1 lab 1/Lab2
Using Asset Import Pipeline V2.
Refreshing native plugins compatible for Editor in 50.93 ms, found 2 plugins.
Preloading 0 native plugins for Editor in 0.00 ms.
Initialize engine version: 2020.3.23f1 (c5d91304a876)
[Subsystems] Discovering subsystems at path C:/Program Files/Unity/Hub/Editor/2020.3.23f1/Editor/Data/Resources/UnitySubsystems
[Subsystems] Discovering subsystems at path D:/All work in major 3 term 2/Cs 222/C1 lab 1/Lab2/Assets
GfxDevice: creating device client; threaded=0
Direct3D:
    Version:  Direct3D 11.0 [level 11.1]
    Renderer: NVIDIA GeForce GTX 1060 (ID=0x1c20)
    Vendor:   
    VRAM:     6052 MB
    Driver:   30.0.14.9709
Initialize mono
Mono path[0] = 'C:/Program Files/Unity/Hub/Editor/2020.3.23f1/Editor/Data/Managed'
Mono path[1] = 'C:/Program Files/Unity/Hub/Editor/2020.3.23f1/Editor/Data/MonoBleedingEdge/lib/mono/unityjit'
Mono config path = 'C:/Program Files/Unity/Hub/Editor/2020.3.23f1/Editor/Data/MonoBleedingEdge/etc'
Using monoOptions --debugger-agent=transport=dt_socket,embedding=1,server=y,suspend=n,address=127.0.0.1:56260
Begin MonoManager ReloadAssembly
Registering precompiled unity dll's ...
Register platform support module: C:/Program Files/Unity/Hub/Editor/2020.3.23f1/Editor/Data/PlaybackEngines/WebGLSupport/UnityEditor.WebGL.Extensions.dll
Register platform support module: C:/Program Files/Unity/Hub/Editor/2020.3.23f1/Editor/Data/PlaybackEngines/WindowsStandaloneSupport/UnityEditor.WindowsStandalone.Extensions.dll
Registered in 0.002297 seconds.
Native extension for WindowsStandalone target not found
Native extension for WebGL target not found
Refreshing native plugins compatible for Editor in 48.27 ms, found 2 plugins.
Preloading 0 native plugins for Editor in 0.00 ms.
Mono: successfully reloaded assembly
- Completed reload, in  0.560 seconds
Domain Reload Profiling:
	ReloadAssembly (560ms)
		BeginReloadAssembly (49ms)
			ExecutionOrderSort (0ms)
			DisableScriptedObjects (0ms)
			BackupInstance (0ms)
			ReleaseScriptingObjects (0ms)
			CreateAndSetChildDomain (1ms)
		EndReloadAssembly (438ms)
			LoadAssemblies (48ms)
			RebuildTransferFunctionScriptingTraits (0ms)
			SetupTypeCache (147ms)
			ReleaseScriptCaches (0ms)
			RebuildScriptCaches (30ms)
			SetupLoadedEditorAssemblies (167ms)
				LogAssemblyErrors (0ms)
				InitializePlatformSupportModulesInManaged (5ms)
				SetLoadedEditorAssemblies (0ms)
				RefreshPlugins (48ms)
				BeforeProcessingInitializeOnLoad (12ms)
				ProcessInitializeOnLoadAttributes (76ms)
				ProcessInitializeOnLoadMethodAttributes (26ms)
				AfterProcessingInitializeOnLoad (0ms)
				EditorAssembliesLoaded (0ms)
			ExecutionOrderSort2 (0ms)
			AwakeInstancesAfterBackupRestoration (0ms)
Platform modules already initialized, skipping
Registering precompiled user dll's ...
Registered in 0.003612 seconds.
Begin MonoManager ReloadAssembly
Native extension for WindowsStandalone target not found
Native extension for WebGL target not found
Refreshing native plugins compatible for Editor in 54.57 ms, found 2 plugins.
Preloading 0 native plugins for Editor in 0.00 ms.
Mono: successfully reloaded assembly
- Completed reload, in  1.184 seconds
Domain Reload Profiling:
	ReloadAssembly (1185ms)
		BeginReloadAssembly (169ms)
			ExecutionOrderSort (0ms)
			DisableScriptedObjects (5ms)
			BackupInstance (0ms)
			ReleaseScriptingObjects (0ms)
			CreateAndSetChildDomain (21ms)
		EndReloadAssembly (948ms)
			LoadAssemblies (96ms)
			RebuildTransferFunctionScriptingTraits (0ms)
			SetupTypeCache (367ms)
			ReleaseScriptCaches (1ms)
			RebuildScriptCaches (46ms)
			SetupLoadedEditorAssemblies (330ms)
				LogAssemblyErrors (0ms)
				InitializePlatformSupportModulesInManaged (4ms)
				SetLoadedEditorAssemblies (0ms)
				RefreshPlugins (55ms)
				BeforeProcessingInitializeOnLoad (85ms)
				ProcessInitializeOnLoadAttributes (172ms)
				ProcessInitializeOnLoadMethodAttributes (8ms)
				AfterProcessingInitializeOnLoad (6ms)
				EditorAssembliesLoaded (0ms)
			ExecutionOrderSort2 (0ms)
			AwakeInstancesAfterBackupRestoration (6ms)
Platform modules already initialized, skipping
========================================================================
Worker process is ready to serve import requests
Launched and connected shader compiler UnityShaderCompiler.exe after 0.07 seconds
Refreshing native plugins compatible for Editor in 0.91 ms, found 2 plugins.
Preloading 0 native plugins for Editor in 0.00 ms.
Unloading 2948 Unused Serialized files (Serialized files now loaded: 0)
System memory in use before: 138.1 MB.
System memory in use after: 138.2 MB.

Unloading 20 unused Assets to reduce memory usage. Loaded Objects now: 3393.
Total: 3.808000 ms (FindLiveObjects: 0.344200 ms CreateObjectMapping: 0.198400 ms MarkObjects: 3.158700 ms  DeleteObjects: 0.105400 ms)

AssetImportParameters requested are different than current active one (requested -> active):
  custom:framework-win-MediaFoundation: 216162199b28c13a410421893ffa2e32 -> 
  custom:video-decoder-ogg-theora: a1e56fd34408186e4bbccfd4996cb3dc -> 
  custom:container-muxer-webm: aa71ff27fc2769a1b78a27578f13a17b -> 
  custom:container-demuxer-webm: 4f35f7cbe854078d1ac9338744f61a02 -> 
  custom:container-demuxer-ogg: 62fdf1f143b41e24485cea50d1cbac27 -> 
  custom:video-encoder-webm-vp8: eb34c28f22e8b96e1ab97ce403110664 -> 
  custom:video-decoder-webm-vp8: 9c59270c3fd7afecdb556c50c9e8de78 -> 
  custom:audio-decoder-ogg-vorbis: bf7c407c2cedff20999df2af8eb42d56 -> 
  custom:audio-encoder-webm-vorbis: bf7c407c2cedff20999df2af8eb42d56 -> 
========================================================================
Received Import Request.
  path: Assets/mySlader/Form/FormTest.mat
  artifactKey: Guid(87a7543858f021e48a78bd18065485f4) Importer(815301076,1909f56bfc062723c751e8b465ee728b)
Start importing Assets/mySlader/Form/FormTest.mat using Guid(87a7543858f021e48a78bd18065485f4) Importer(815301076,1909f56bfc062723c751e8b465ee728b)  -> (artifact id: 'a90df0eed83e7fd026c6017c4340e72d') in 0.227055 seconds 
  Import took 0.231894 seconds .

========================================================================
Received Import Request.
  Time since last request: 120.882289 seconds.
  path: Assets/mySlader/Form/Formeiei.shadersubgraph
  artifactKey: Guid(b0079ce0d8d2a204cbf4813417926806) Importer(815301076,1909f56bfc062723c751e8b465ee728b)
Start importing Assets/mySlader/Form/Formeiei.shadersubgraph using Guid(b0079ce0d8d2a204cbf4813417926806) Importer(815301076,1909f56bfc062723c751e8b465ee728b)  -> (artifact id: '9a2808e427b9f1b91fb4ec630a78ca2c') in 0.006777 seconds 
  Import took 0.012017 seconds .

========================================================================
Received Import Request.
  Time since last request: 24.213987 seconds.
  path: Assets/mySlader/Form/Formeiei.shadersubgraph
  artifactKey: Guid(b0079ce0d8d2a204cbf4813417926806) Importer(815301076,1909f56bfc062723c751e8b465ee728b)
Start importing Assets/mySlader/Form/Formeiei.shadersubgraph using Guid(b0079ce0d8d2a204cbf4813417926806) Importer(815301076,1909f56bfc062723c751e8b465ee728b)  -> (artifact id: '26cbe965fe6a0408edb03436364fe7cc') in 0.003450 seconds 
  Import took 0.008363 seconds .

========================================================================
Received Import Request.
  Time since last request: 69.661725 seconds.
  path: Assets/mySlader/Form/Form.shadergraph
  artifactKey: Guid(0584dd12279f5874d83c6ee1713310ae) Importer(815301076,1909f56bfc062723c751e8b465ee728b)
Start importing Assets/mySlader/Form/Form.shadergraph using Guid(0584dd12279f5874d83c6ee1713310ae) Importer(815301076,1909f56bfc062723c751e8b465ee728b)  -> (artifact id: '64999ed02668a2d33dd8879aaca6163e') in 0.003808 seconds 
  Import took 0.008752 seconds .

========================================================================
Received Import Request.
  Time since last request: 190.998941 seconds.
  path: Assets/mySlader/Form/Formeiei.shadersubgraph
  artifactKey: Guid(b0079ce0d8d2a204cbf4813417926806) Importer(815301076,1909f56bfc062723c751e8b465ee728b)
Start importing Assets/mySlader/Form/Formeiei.shadersubgraph using Guid(b0079ce0d8d2a204cbf4813417926806) Importer(815301076,1909f56bfc062723c751e8b465ee728b)  -> (artifact id: '36bdbd9d7a5ad254c8835068f596179e') in 0.003034 seconds 
  Import took 0.008523 seconds .

========================================================================
Received Import Request.
  Time since last request: 172.394002 seconds.
  path: Assets/mySlader/Form/FormTest.mat
  artifactKey: Guid(87a7543858f021e48a78bd18065485f4) Importer(815301076,1909f56bfc062723c751e8b465ee728b)
Start importing Assets/mySlader/Form/FormTest.mat using Guid(87a7543858f021e48a78bd18065485f4) Importer(815301076,1909f56bfc062723c751e8b465ee728b)  -> (artifact id: '0c177be28e7b288a0c664ed70a190cc8') in 0.058582 seconds 
  Import took 0.066032 seconds .

========================================================================
Received Prepare
Registering precompiled user dll's ...
Registered in 0.005190 seconds.
Begin MonoManager ReloadAssembly
Native extension for WindowsStandalone target not found
Native extension for WebGL target not found
Refreshing native plugins compatible for Editor in 0.96 ms, found 2 plugins.
Preloading 0 native plugins for Editor in 0.00 ms.
Mono: successfully reloaded assembly
- Completed reload, in  1.529 seconds
Domain Reload Profiling:
	ReloadAssembly (1530ms)
		BeginReloadAssembly (183ms)
			ExecutionOrderSort (0ms)
			DisableScriptedObjects (10ms)
			BackupInstance (0ms)
			ReleaseScriptingObjects (0ms)
			CreateAndSetChildDomain (56ms)
		EndReloadAssembly (1260ms)
			LoadAssemblies (121ms)
			RebuildTransferFunctionScriptingTraits (0ms)
			SetupTypeCache (454ms)
			ReleaseScriptCaches (2ms)
			RebuildScriptCaches (60ms)
			SetupLoadedEditorAssemblies (426ms)
				LogAssemblyErrors (0ms)
				InitializePlatformSupportModulesInManaged (7ms)
				SetLoadedEditorAssemblies (1ms)
				RefreshPlugins (1ms)
				BeforeProcessingInitializeOnLoad (137ms)
				ProcessInitializeOnLoadAttributes (259ms)
				ProcessInitializeOnLoadMethodAttributes (12ms)
				AfterProcessingInitializeOnLoad (8ms)
				EditorAssembliesLoaded (0ms)
			ExecutionOrderSort2 (0ms)
			AwakeInstancesAfterBackupRestoration (22ms)
Platform modules already initialized, skipping
Refreshing native plugins compatible for Editor in 0.71 ms, found 2 plugins.
Preloading 0 native plugins for Editor in 0.00 ms.
Unloading 2833 Unused Serialized files (Serialized files now loaded: 0)
System memory in use before: 135.8 MB.
System memory in use after: 136.0 MB.

Unloading 15 unused Assets to reduce memory usage. Loaded Objects now: 3474.
Total: 4.149100 ms (FindLiveObjects: 0.494100 ms CreateObjectMapping: 0.274100 ms MarkObjects: 3.340800 ms  DeleteObjects: 0.037900 ms)

AssetImportParameters requested are different than current active one (requested -> active):
  custom:framework-win-MediaFoundation: 216162199b28c13a410421893ffa2e32 -> 
  custom:video-decoder-ogg-theora: a1e56fd34408186e4bbccfd4996cb3dc -> 
  custom:container-muxer-webm: aa71ff27fc2769a1b78a27578f13a17b -> 
  custom:container-demuxer-webm: 4f35f7cbe854078d1ac9338744f61a02 -> 
  custom:container-demuxer-ogg: 62fdf1f143b41e24485cea50d1cbac27 -> 
  custom:video-encoder-webm-vp8: eb34c28f22e8b96e1ab97ce403110664 -> 
  custom:video-decoder-webm-vp8: 9c59270c3fd7afecdb556c50c9e8de78 -> 
  custom:audio-decoder-ogg-vorbis: bf7c407c2cedff20999df2af8eb42d56 -> 
  custom:audio-encoder-webm-vorbis: bf7c407c2cedff20999df2af8eb42d56 -> 
========================================================================
Received Import Request.
  Time since last request: 437.999850 seconds.
  path: Assets/ninja
  artifactKey: Guid(b1529c61411c34e40bf3c5cd3e546fe9) Importer(815301076,1909f56bfc062723c751e8b465ee728b)
Start importing Assets/ninja using Guid(b1529c61411c34e40bf3c5cd3e546fe9) Importer(815301076,1909f56bfc062723c751e8b465ee728b)  -> (artifact id: '9c0700b18441794c26dee85967b5483e') in 0.010824 seconds 
  Import took 0.016131 seconds .

========================================================================
Received Import Request.
  Time since last request: 3.854294 seconds.
  path: Assets/ninja/Ch24_nonPBR@Bboy Uprock Start.fbx
  artifactKey: Guid(5dd49acbd871cf443b44083e714ec977) Importer(815301076,1909f56bfc062723c751e8b465ee728b)
Start importing Assets/ninja/Ch24_nonPBR@Bboy Uprock Start.fbx using Guid(5dd49acbd871cf443b44083e714ec977) Importer(815301076,1909f56bfc062723c751e8b465ee728b)  -> (artifact id: '16552249a63c9c723dc3597fa1a716c6') in 0.868947 seconds 
  Import took 0.876386 seconds .

========================================================================
Received Import Request.
  Time since last request: 25.524127 seconds.
  path: Assets/ninja/Matial
  artifactKey: Guid(6c17366667491de4bbdd957604aa4c82) Importer(815301076,1909f56bfc062723c751e8b465ee728b)
Start importing Assets/ninja/Matial using Guid(6c17366667491de4bbdd957604aa4c82) Importer(815301076,1909f56bfc062723c751e8b465ee728b)  -> (artifact id: '3d953febf24ce43e3c6d0918cf8d5fab') in 0.009095 seconds 
  Import took 0.015577 seconds .

========================================================================
Received Import Request.
  Time since last request: 8.088367 seconds.
  path: Assets/ninja/Texter
  artifactKey: Guid(870d000301125d04eac4356b6bafa9eb) Importer(815301076,1909f56bfc062723c751e8b465ee728b)
Start importing Assets/ninja/Texter using Guid(870d000301125d04eac4356b6bafa9eb) Importer(815301076,1909f56bfc062723c751e8b465ee728b)  -> (artifact id: '5845b38edc19473f461bb6df8b06c4e1') in 0.005718 seconds 
  Import took 0.010398 seconds .

========================================================================
Received Import Request.
  Time since last request: 10.530138 seconds.
  path: Assets/ninja/Ch24_nonPBR@Bboy Uprock Start.fbx
  artifactKey: Guid(5dd49acbd871cf443b44083e714ec977) Importer(815301076,1909f56bfc062723c751e8b465ee728b)
Start importing Assets/ninja/Ch24_nonPBR@Bboy Uprock Start.fbx using Guid(5dd49acbd871cf443b44083e714ec977) Importer(815301076,1909f56bfc062723c751e8b465ee728b)  -> (artifact id: '08ecafc3829c3163cde45850127f9f09') in 0.030629 seconds 
  Import took 0.035494 seconds .

========================================================================
Received Import Request.
  Time since last request: 6.429445 seconds.
  path: Assets/ninja/Ch24_nonPBR@Bboy Uprock Start.fbx
  artifactKey: Guid(5dd49acbd871cf443b44083e714ec977) Importer(815301076,1909f56bfc062723c751e8b465ee728b)
Start importing Assets/ninja/Ch24_nonPBR@Bboy Uprock Start.fbx using Guid(5dd49acbd871cf443b44083e714ec977) Importer(815301076,1909f56bfc062723c751e8b465ee728b)  -> (artifact id: 'd86e156de98ee7c85d567abfee18d036') in 0.125812 seconds 
  Import took 0.132307 seconds .

========================================================================
Received Import Request.
  Time since last request: 4.009212 seconds.
  path: Assets/ninja/Ch24_nonPBR@Bboy Uprock Start.fbx
  artifactKey: Guid(5dd49acbd871cf443b44083e714ec977) Importer(815301076,1909f56bfc062723c751e8b465ee728b)
Start importing Assets/ninja/Ch24_nonPBR@Bboy Uprock Start.fbx using Guid(5dd49acbd871cf443b44083e714ec977) Importer(815301076,1909f56bfc062723c751e8b465ee728b)  -> (artifact id: '55221d4e8b1f3d8a12573c48ab3d5c8c') in 0.027703 seconds 
  Import took 0.033866 seconds .

========================================================================
Received Import Request.
  Time since last request: 113.756089 seconds.
  path: Assets/ninja/Ch24_nonPBR@Bboy Uprock Start.fbx
  artifactKey: Guid(5dd49acbd871cf443b44083e714ec977) Importer(815301076,1909f56bfc062723c751e8b465ee728b)
Start importing Assets/ninja/Ch24_nonPBR@Bboy Uprock Start.fbx using Guid(5dd49acbd871cf443b44083e714ec977) Importer(815301076,1909f56bfc062723c751e8b465ee728b)  -> (artifact id: '84300b9dabb7eaf24eeb1d9ec5443480') in 0.174297 seconds 
  Import took 0.180692 seconds .

========================================================================
Received Import Request.
  Time since last request: 67.738203 seconds.
  path: Assets/ninja/Matial/Ch24_Body.mat
  artifactKey: Guid(48aa7a1c90e5a6d40b198a0f91bca0b6) Importer(815301076,1909f56bfc062723c751e8b465ee728b)
Start importing Assets/ninja/Matial/Ch24_Body.mat using Guid(48aa7a1c90e5a6d40b198a0f91bca0b6) Importer(815301076,1909f56bfc062723c751e8b465ee728b)  -> (artifact id: '7694d84756b6da1987e04665fb7c0d4e') in 0.014675 seconds 
  Import took 0.021595 seconds .

========================================================================
Received Import Request.
  Time since last request: 187.898079 seconds.
  path: Assets/syler
  artifactKey: Guid(7d3963d44fd288c43afa3f8c567745cd) Importer(815301076,1909f56bfc062723c751e8b465ee728b)
Start importing Assets/syler using Guid(7d3963d44fd288c43afa3f8c567745cd) Importer(815301076,1909f56bfc062723c751e8b465ee728b)  -> (artifact id: 'bada5b4249be21aa8a9c180dad7aceda') in 0.005827 seconds 
  Import took 0.010531 seconds .

========================================================================
Received Import Request.
  Time since last request: 4.439397 seconds.
  path: Assets/syler/paladin_prop_j_nordstrom@Silly Dancing.fbx
  artifactKey: Guid(947d0a96d6ee1b7408060e1ead34a148) Importer(815301076,1909f56bfc062723c751e8b465ee728b)
Start importing Assets/syler/paladin_prop_j_nordstrom@Silly Dancing.fbx using Guid(947d0a96d6ee1b7408060e1ead34a148) Importer(815301076,1909f56bfc062723c751e8b465ee728b)  -> (artifact id: '17c2e665c462b57c2bced8abd213c3cb') in 0.146051 seconds 
  Import took 0.153609 seconds .

========================================================================
Received Import Request.
  Time since last request: 9.897860 seconds.
  path: Assets/syler/Metail
  artifactKey: Guid(ec69cd22e53e2bd40bbd96cac74789ec) Importer(815301076,1909f56bfc062723c751e8b465ee728b)
Start importing Assets/syler/Metail using Guid(ec69cd22e53e2bd40bbd96cac74789ec) Importer(815301076,1909f56bfc062723c751e8b465ee728b)  -> (artifact id: '4e870a6dbfacf98003fba05e27218a79') in 0.005444 seconds 
  Import took 0.010142 seconds .

========================================================================
Received Import Request.
  Time since last request: 9.853701 seconds.
  path: Assets/syler/Texter
  artifactKey: Guid(32137fe93c82a5440bbf8357491ada50) Importer(815301076,1909f56bfc062723c751e8b465ee728b)
Start importing Assets/syler/Texter using Guid(32137fe93c82a5440bbf8357491ada50) Importer(815301076,1909f56bfc062723c751e8b465ee728b)  -> (artifact id: 'bf5f71c5c45fd22f2f0641965eda1a90') in 0.001773 seconds 
  Import took 0.006712 seconds .

========================================================================
Received Import Request.
  Time since last request: 9.236941 seconds.
  path: Assets/syler/paladin_prop_j_nordstrom@Silly Dancing.fbx
  artifactKey: Guid(947d0a96d6ee1b7408060e1ead34a148) Importer(815301076,1909f56bfc062723c751e8b465ee728b)
Start importing Assets/syler/paladin_prop_j_nordstrom@Silly Dancing.fbx using Guid(947d0a96d6ee1b7408060e1ead34a148) Importer(815301076,1909f56bfc062723c751e8b465ee728b)  -> (artifact id: 'e431a0de53075bf2b393b0d84fdbb62c') in 0.067222 seconds 
  Import took 0.073023 seconds .

========================================================================
Received Import Request.
  Time since last request: 5.434407 seconds.
  path: Assets/syler/paladin_prop_j_nordstrom@Silly Dancing.fbx
  artifactKey: Guid(947d0a96d6ee1b7408060e1ead34a148) Importer(815301076,1909f56bfc062723c751e8b465ee728b)
Start importing Assets/syler/paladin_prop_j_nordstrom@Silly Dancing.fbx using Guid(947d0a96d6ee1b7408060e1ead34a148) Importer(815301076,1909f56bfc062723c751e8b465ee728b)  -> (artifact id: '652d45361c459bea0c222dbda393a75b') in 0.175622 seconds 
  Import took 0.182068 seconds .

========================================================================
Received Import Request.
  Time since last request: 6.098605 seconds.
  path: Assets/syler/paladin_prop_j_nordstrom@Silly Dancing.fbx
  artifactKey: Guid(947d0a96d6ee1b7408060e1ead34a148) Importer(815301076,1909f56bfc062723c751e8b465ee728b)
Start importing Assets/syler/paladin_prop_j_nordstrom@Silly Dancing.fbx using Guid(947d0a96d6ee1b7408060e1ead34a148) Importer(815301076,1909f56bfc062723c751e8b465ee728b)  -> (artifact id: 'd2b230f4607d704ff57a3f647dc21a0f') in 0.067759 seconds 
  Import took 0.075049 seconds .

========================================================================
Received Import Request.
  Time since last request: 52.661277 seconds.
  path: Assets/syler/Metail/Paladin_MAT.mat
  artifactKey: Guid(21a3e07fe493c1b429acd480d0b7f102) Importer(815301076,1909f56bfc062723c751e8b465ee728b)
Start importing Assets/syler/Metail/Paladin_MAT.mat using Guid(21a3e07fe493c1b429acd480d0b7f102) Importer(815301076,1909f56bfc062723c751e8b465ee728b)  -> (artifact id: '29e8ee6cdb6137f2f25d7fb88ffac90e') in 0.011648 seconds 
  Import took 0.016666 seconds .

========================================================================
Received Import Request.
  Time since last request: 7.885295 seconds.
  path: Assets/syler/Texter/Paladin_diffuse.png
  artifactKey: Guid(4fc4307317ee3ad42873b83b7286da7f) Importer(815301076,1909f56bfc062723c751e8b465ee728b)
Start importing Assets/syler/Texter/Paladin_diffuse.png using Guid(4fc4307317ee3ad42873b83b7286da7f) Importer(815301076,1909f56bfc062723c751e8b465ee728b)  -> (artifact id: 'a811cad8111bc543fc5d2c6659e86313') in 0.022423 seconds 
  Import took 0.027930 seconds .

========================================================================
Received Import Request.
  Time since last request: 0.000333 seconds.
  path: Assets/syler/Texter/Paladin_normal.png
  artifactKey: Guid(e8b2890b3dabac44cae6fe173e7a2fb3) Importer(815301076,1909f56bfc062723c751e8b465ee728b)
Start importing Assets/syler/Texter/Paladin_normal.png using Guid(e8b2890b3dabac44cae6fe173e7a2fb3) Importer(815301076,1909f56bfc062723c751e8b465ee728b)  -> (artifact id: '4cff06ad51cdfec77f0931dd5ef7c992') in 0.018397 seconds 
  Import took 0.023447 seconds .

========================================================================
Received Import Request.
  Time since last request: 0.000282 seconds.
  path: Assets/syler/Texter/Paladin_specular.png
  artifactKey: Guid(ea6afbde6e04c6d41aad7afc3f73e408) Importer(815301076,1909f56bfc062723c751e8b465ee728b)
Start importing Assets/syler/Texter/Paladin_specular.png using Guid(ea6afbde6e04c6d41aad7afc3f73e408) Importer(815301076,1909f56bfc062723c751e8b465ee728b)  -> (artifact id: '8e3e6068ee907899d85dfbfd4f89c3e6') in 0.055014 seconds 
  Import took 0.059288 seconds .

========================================================================
Received Import Request.
  Time since last request: 155.239932 seconds.
  path: Assets/mySlader/water2colorsMovement.mat
  artifactKey: Guid(cf76395ed12dab14d958763e84bf6a7e) Importer(815301076,1909f56bfc062723c751e8b465ee728b)
Start importing Assets/mySlader/water2colorsMovement.mat using Guid(cf76395ed12dab14d958763e84bf6a7e) Importer(815301076,1909f56bfc062723c751e8b465ee728b)  -> (artifact id: 'cdb46ba82c4abce16a4aa016311dab8d') in 0.012722 seconds 
  Import took 0.017930 seconds .

========================================================================
Received Prepare
Registering precompiled user dll's ...
Registered in 0.003178 seconds.
Begin MonoManager ReloadAssembly
Native extension for WindowsStandalone target not found
Native extension for WebGL target not found
Refreshing native plugins compatible for Editor in 0.50 ms, found 2 plugins.
Preloading 0 native plugins for Editor in 0.00 ms.
Mono: successfully reloaded assembly
- Completed reload, in  0.955 seconds
Domain Reload Profiling:
	ReloadAssembly (956ms)
		BeginReloadAssembly (107ms)
			ExecutionOrderSort (0ms)
			DisableScriptedObjects (6ms)
			BackupInstance (0ms)
			ReleaseScriptingObjects (0ms)
			CreateAndSetChildDomain (34ms)
		EndReloadAssembly (794ms)
			LoadAssemblies (79ms)
			RebuildTransferFunctionScriptingTraits (0ms)
			SetupTypeCache (283ms)
			ReleaseScriptCaches (1ms)
			RebuildScriptCaches (39ms)
			SetupLoadedEditorAssemblies (265ms)
				LogAssemblyErrors (0ms)
				InitializePlatformSupportModulesInManaged (4ms)
				SetLoadedEditorAssemblies (0ms)
				RefreshPlugins (1ms)
				BeforeProcessingInitializeOnLoad (87ms)
				ProcessInitializeOnLoadAttributes (160ms)
				ProcessInitializeOnLoadMethodAttributes (8ms)
				AfterProcessingInitializeOnLoad (6ms)
				EditorAssembliesLoaded (0ms)
			ExecutionOrderSort2 (0ms)
			AwakeInstancesAfterBackupRestoration (14ms)
Platform modules already initialized, skipping
Refreshing native plugins compatible for Editor in 0.56 ms, found 2 plugins.
Preloading 0 native plugins for Editor in 0.00 ms.
Unloading 2833 Unused Serialized files (Serialized files now loaded: 0)
System memory in use before: 149.8 MB.
System memory in use after: 150.0 MB.

Unloading 15 unused Assets to reduce memory usage. Loaded Objects now: 3517.
Total: 3.253000 ms (FindLiveObjects: 0.288200 ms CreateObjectMapping: 0.107300 ms MarkObjects: 2.838900 ms  DeleteObjects: 0.017700 ms)

AssetImportParameters requested are different than current active one (requested -> active):
  custom:framework-win-MediaFoundation: 216162199b28c13a410421893ffa2e32 -> 
  custom:video-decoder-ogg-theora: a1e56fd34408186e4bbccfd4996cb3dc -> 
  custom:container-muxer-webm: aa71ff27fc2769a1b78a27578f13a17b -> 
  custom:container-demuxer-webm: 4f35f7cbe854078d1ac9338744f61a02 -> 
  custom:container-demuxer-ogg: 62fdf1f143b41e24485cea50d1cbac27 -> 
  custom:video-encoder-webm-vp8: eb34c28f22e8b96e1ab97ce403110664 -> 
  custom:video-decoder-webm-vp8: 9c59270c3fd7afecdb556c50c9e8de78 -> 
  custom:audio-decoder-ogg-vorbis: bf7c407c2cedff20999df2af8eb42d56 -> 
  custom:audio-encoder-webm-vorbis: bf7c407c2cedff20999df2af8eb42d56 -> 
========================================================================
Received Import Request.
  Time since last request: 54.627759 seconds.
  path: Assets/syler/paladin_prop_j_nordstrom@Silly Dancing.fbx
  artifactKey: Guid(947d0a96d6ee1b7408060e1ead34a148) Importer(815301076,1909f56bfc062723c751e8b465ee728b)
Start importing Assets/syler/paladin_prop_j_nordstrom@Silly Dancing.fbx using Guid(947d0a96d6ee1b7408060e1ead34a148) Importer(815301076,1909f56bfc062723c751e8b465ee728b)  -> (artifact id: 'b7689a7f726833dcd66610abaaef12db') in 0.242832 seconds 
  Import took 0.249121 seconds .

========================================================================
Received Import Request.
  Time since last request: 132.646636 seconds.
  path: Assets/syler/dance.controller
  artifactKey: Guid(dd3662f03136ec04483c42df6c02f065) Importer(815301076,1909f56bfc062723c751e8b465ee728b)
Start importing Assets/syler/dance.controller using Guid(dd3662f03136ec04483c42df6c02f065) Importer(815301076,1909f56bfc062723c751e8b465ee728b)  -> (artifact id: 'b2291859fb7a35f9be1d0c421cb5fb6d') in 0.007684 seconds 
  Import took 0.012621 seconds .

========================================================================
Received Prepare
Registering precompiled user dll's ...
Registered in 0.004841 seconds.
Begin MonoManager ReloadAssembly
Native extension for WindowsStandalone target not found
Native extension for WebGL target not found
Refreshing native plugins compatible for Editor in 0.50 ms, found 2 plugins.
Preloading 0 native plugins for Editor in 0.00 ms.
Mono: successfully reloaded assembly
- Completed reload, in  0.996 seconds
Domain Reload Profiling:
	ReloadAssembly (997ms)
		BeginReloadAssembly (113ms)
			ExecutionOrderSort (0ms)
			DisableScriptedObjects (7ms)
			BackupInstance (0ms)
			ReleaseScriptingObjects (0ms)
			CreateAndSetChildDomain (35ms)
		EndReloadAssembly (827ms)
			LoadAssemblies (82ms)
			RebuildTransferFunctionScriptingTraits (0ms)
			SetupTypeCache (286ms)
			ReleaseScriptCaches (1ms)
			RebuildScriptCaches (38ms)
			SetupLoadedEditorAssemblies (286ms)
				LogAssemblyErrors (0ms)
				InitializePlatformSupportModulesInManaged (4ms)
				SetLoadedEditorAssemblies (0ms)
				RefreshPlugins (1ms)
				BeforeProcessingInitializeOnLoad (92ms)
				ProcessInitializeOnLoadAttributes (173ms)
				ProcessInitializeOnLoadMethodAttributes (8ms)
				AfterProcessingInitializeOnLoad (7ms)
				EditorAssembliesLoaded (0ms)
			ExecutionOrderSort2 (0ms)
			AwakeInstancesAfterBackupRestoration (16ms)
Platform modules already initialized, skipping
Refreshing native plugins compatible for Editor in 0.50 ms, found 2 plugins.
Preloading 0 native plugins for Editor in 0.00 ms.
Unloading 2833 Unused Serialized files (Serialized files now loaded: 0)
System memory in use before: 150.0 MB.
System memory in use after: 150.2 MB.

Unloading 15 unused Assets to reduce memory usage. Loaded Objects now: 3555.
Total: 3.918600 ms (FindLiveObjects: 0.306200 ms CreateObjectMapping: 0.126700 ms MarkObjects: 3.457300 ms  DeleteObjects: 0.027200 ms)

AssetImportParameters requested are different than current active one (requested -> active):
  custom:framework-win-MediaFoundation: 216162199b28c13a410421893ffa2e32 -> 
  custom:video-decoder-ogg-theora: a1e56fd34408186e4bbccfd4996cb3dc -> 
  custom:container-muxer-webm: aa71ff27fc2769a1b78a27578f13a17b -> 
  custom:container-demuxer-webm: 4f35f7cbe854078d1ac9338744f61a02 -> 
  custom:container-demuxer-ogg: 62fdf1f143b41e24485cea50d1cbac27 -> 
  custom:video-encoder-webm-vp8: eb34c28f22e8b96e1ab97ce403110664 -> 
  custom:video-decoder-webm-vp8: 9c59270c3fd7afecdb556c50c9e8de78 -> 
  custom:audio-decoder-ogg-vorbis: bf7c407c2cedff20999df2af8eb42d56 -> 
  custom:audio-encoder-webm-vorbis: bf7c407c2cedff20999df2af8eb42d56 -> 
========================================================================
Received Import Request.
  Time since last request: 140.177500 seconds.
  path: Assets/syler/paladin_prop_j_nordstrom@Silly Dancing.fbx
  artifactKey: Guid(947d0a96d6ee1b7408060e1ead34a148) Importer(815301076,1909f56bfc062723c751e8b465ee728b)
Start importing Assets/syler/paladin_prop_j_nordstrom@Silly Dancing.fbx using Guid(947d0a96d6ee1b7408060e1ead34a148) Importer(815301076,1909f56bfc062723c751e8b465ee728b)  -> (artifact id: '17931b22d70790dad7b2b8242448249f') in 0.235433 seconds 
  Import took 0.241154 seconds .

========================================================================
Received Prepare
Registering precompiled user dll's ...
Registered in 0.003584 seconds.
Begin MonoManager ReloadAssembly
Native extension for WindowsStandalone target not found
Native extension for WebGL target not found
Refreshing native plugins compatible for Editor in 0.51 ms, found 2 plugins.
Preloading 0 native plugins for Editor in 0.00 ms.
Mono: successfully reloaded assembly
- Completed reload, in  0.986 seconds
Domain Reload Profiling:
	ReloadAssembly (986ms)
		BeginReloadAssembly (116ms)
			ExecutionOrderSort (0ms)
			DisableScriptedObjects (6ms)
			BackupInstance (0ms)
			ReleaseScriptingObjects (0ms)
			CreateAndSetChildDomain (37ms)
		EndReloadAssembly (811ms)
			LoadAssemblies (82ms)
			RebuildTransferFunctionScriptingTraits (0ms)
			SetupTypeCache (281ms)
			ReleaseScriptCaches (1ms)
			RebuildScriptCaches (40ms)
			SetupLoadedEditorAssemblies (269ms)
				LogAssemblyErrors (0ms)
				InitializePlatformSupportModulesInManaged (4ms)
				SetLoadedEditorAssemblies (0ms)
				RefreshPlugins (1ms)
				BeforeProcessingInitializeOnLoad (89ms)
				ProcessInitializeOnLoadAttributes (160ms)
				ProcessInitializeOnLoadMethodAttributes (8ms)
				AfterProcessingInitializeOnLoad (6ms)
				EditorAssembliesLoaded (0ms)
			ExecutionOrderSort2 (0ms)
			AwakeInstancesAfterBackupRestoration (17ms)
Platform modules already initialized, skipping
Refreshing native plugins compatible for Editor in 0.51 ms, found 2 plugins.
Preloading 0 native plugins for Editor in 0.00 ms.
Unloading 2833 Unused Serialized files (Serialized files now loaded: 0)
System memory in use before: 150.1 MB.
System memory in use after: 150.3 MB.

Unloading 15 unused Assets to reduce memory usage. Loaded Objects now: 3593.
Total: 3.352700 ms (FindLiveObjects: 0.284000 ms CreateObjectMapping: 0.119100 ms MarkObjects: 2.932500 ms  DeleteObjects: 0.016100 ms)

AssetImportParameters requested are different than current active one (requested -> active):
  custom:framework-win-MediaFoundation: 216162199b28c13a410421893ffa2e32 -> 
  custom:video-decoder-ogg-theora: a1e56fd34408186e4bbccfd4996cb3dc -> 
  custom:container-muxer-webm: aa71ff27fc2769a1b78a27578f13a17b -> 
  custom:container-demuxer-webm: 4f35f7cbe854078d1ac9338744f61a02 -> 
  custom:container-demuxer-ogg: 62fdf1f143b41e24485cea50d1cbac27 -> 
  custom:video-encoder-webm-vp8: eb34c28f22e8b96e1ab97ce403110664 -> 
  custom:video-decoder-webm-vp8: 9c59270c3fd7afecdb556c50c9e8de78 -> 
  custom:audio-decoder-ogg-vorbis: bf7c407c2cedff20999df2af8eb42d56 -> 
  custom:audio-encoder-webm-vorbis: bf7c407c2cedff20999df2af8eb42d56 -> 
AssetImportWorkerClient::OnTransportError - code=2 error=End of file
